* using log directory 'C:/R/Projects/HistData/revdep/checks/UsingR/new/UsingR.Rcheck'
* using R version 4.4.1 (2024-06-14 ucrt)
* using platform: x86_64-w64-mingw32
* R was compiled by
    gcc.exe (GCC) 13.2.0
    GNU Fortran (GCC) 13.2.0
* running under: Windows 10 x64 (build 19044)
* using session charset: UTF-8
* using options '--no-manual --no-build-vignettes'
* checking for file 'UsingR/DESCRIPTION' ... OK
* this is package 'UsingR' version '2.0-7'
* checking package namespace information ... OK
* checking package dependencies ... OK
* checking if this is a source package ... OK
* checking if there is a namespace ... OK
* checking for executable files ... OK
* checking for hidden files and directories ... OK
* checking for portable file names ... OK
* checking whether package 'UsingR' can be installed ... WARNING
Found the following significant warnings:
  Warning: package 'MASS' was built under R version 4.4.3
  Warning: package 'Hmisc' was built under R version 4.4.3
See 'C:/R/Projects/HistData/revdep/checks/UsingR/new/UsingR.Rcheck/00install.out' for details.
* checking installed package size ... OK
* checking package directory ... OK
* checking DESCRIPTION meta-information ... OK
* checking top-level files ... OK
* checking for left-over files ... OK
* checking index information ... OK
* checking package subdirectories ... OK
* checking code files for non-ASCII characters ... OK
* checking R files for syntax errors ... OK
* checking whether the package can be loaded ... OK
* checking whether the package can be loaded with stated dependencies ... OK
* checking whether the package can be unloaded cleanly ... OK
* checking whether the namespace can be loaded with stated dependencies ... OK
* checking whether the namespace can be unloaded cleanly ... OK
* checking loading without being on the library search path ... OK
* checking dependencies in R code ... OK
* checking S3 generic/method consistency ... OK
* checking replacement functions ... OK
* checking foreign function calls ... OK
* checking R code for possible problems ... OK
* checking Rd files ... NOTE
checkRd: (-1) aosat.Rd:20: Escaped LaTeX specials: \_ \_ \_
checkRd: (-1) aosat.Rd:21: Escaped LaTeX specials: \_
checkRd: (-1) arctic.oscillations.Rd:19: Escaped LaTeX specials: \_ \_ \_
checkRd: (-1) arctic.oscillations.Rd:20: Escaped LaTeX specials: \_
checkRd: (-1) babies.Rd:28: Escaped LaTeX specials: \&
checkRd: (-1) babies.Rd:41: Escaped LaTeX specials: \$
checkRd: (-1) cabinet.Rd:25: Escaped LaTeX specials: \$
checkRd: (-1) cabinet.Rd:43: Escaped LaTeX specials: \$
checkRd: (-1) cabinet.Rd:48: Escaped LaTeX specials: \$
checkRd: (-1) exec.pay.Rd:5: Escaped LaTeX specials: \$
checkRd: (-1) sp500.excess.Rd:4: Escaped LaTeX specials: \&
checkRd: (-1) sp500.excess.Rd:6: Escaped LaTeX specials: \&
* checking Rd metadata ... OK
* checking Rd cross-references ... OK
* checking for missing documentation entries ... OK
* checking for code/documentation mismatches ... OK
* checking Rd \usage sections ... OK
* checking Rd contents ... OK
* checking for unstated dependencies in examples ... OK
* checking contents of 'data' directory ... OK
* checking data for non-ASCII characters ... OK
* checking LazyData ... OK
* checking data for ASCII and uncompressed saves ... OK
* checking examples ... OK
* DONE
Status: 1 WARNING, 1 NOTE
