* installing *source* package 'statsr' ...
** package 'statsr' successfully unpacked and MD5 sums checked
** using staged installation
** R
** data
*** moving datasets to lazyload DB
** inst
** byte-compile and prepare package for lazy loading
Warning messages:
1: package 'BayesFactor' was built under R version 4.4.3 
2: package 'coda' was built under R version 4.4.3 
3: package 'Matrix' was built under R version 4.4.3 
** help
*** installing help indices
*** copying figures
** building package indices
** testing if installed package can be loaded from temporary location
Warning: package 'BayesFactor' was built under R version 4.4.3
Warning: package 'coda' was built under R version 4.4.3
Warning: package 'Matrix' was built under R version 4.4.3
** testing if installed package can be loaded from final location
Warning: package 'BayesFactor' was built under R version 4.4.3
Warning: package 'coda' was built under R version 4.4.3
Warning: package 'Matrix' was built under R version 4.4.3
** testing if installed package keeps a record of temporary installation path
* DONE (statsr)
