* installing *source* package 'ibawds' ...
** package 'ibawds' successfully unpacked and MD5 sums checked
** using staged installation
** R
** data
*** moving datasets to lazyload DB
** inst
** byte-compile and prepare package for lazy loading
Warning message:
package 'dslabs' was built under R version 4.4.3 
Note: wrong number of arguments to 'sqrt' 
** help
*** installing help indices
*** copying figures
** building package indices
** testing if installed package can be loaded from temporary location
Warning: package 'dslabs' was built under R version 4.4.3
** testing if installed package can be loaded from final location
Warning: package 'dslabs' was built under R version 4.4.3
** testing if installed package keeps a record of temporary installation path
* DONE (ibawds)
